This is pdfTeX, Version 3.141592653-2.6-1.40.22 (MiKTeX 21.3) (preloaded format=pdflatex 2021.3.25)  16 APR 2021 03:20
entering extended mode
**./main.tex
(main.tex
LaTeX2e <2020-10-01> patch level 4
L3 programming layer <2021-02-18>
(D:\Program Files\MiKTeX\tex/latex/base\report.cls
Document Class: report 2020/04/10 v1.4m Standard LaTeX document class
(D:\Program Files\MiKTeX\tex/latex/base\size12.clo
File: size12.clo 2020/04/10 v1.4m Standard LaTeX file (size option)
)
\c@part=\count179
\c@chapter=\count180
\c@section=\count181
\c@subsection=\count182
\c@subsubsection=\count183
\c@paragraph=\count184
\c@subparagraph=\count185
\c@figure=\count186
\c@table=\count187
\abovecaptionskip=\skip47
\belowcaptionskip=\skip48
\bibindent=\dimen138
) (monapack.sty
Package: monapack 

(D:\Program Files\MiKTeX\tex/latex/sectsty\sectsty.sty
Package: sectsty 2002/02/25 v2.0.2 Commands to change all sectional heading sty
les


LaTeX Warning: Command \underbar  has changed.
               Check if current package is valid.


LaTeX Warning: Command \underline  has changed.
               Check if current package is valid.

) (D:\Program Files\MiKTeX\tex/generic/babel\babel.sty
Package: babel 2021/03/03 3.55 The Babel package

(D:\Program Files\MiKTeX\tex/generic/babel\babel.def
File: babel.def 2021/03/03 3.55 Babel common definitions
\babel@savecnt=\count188
\U@D=\dimen139
\l@babelnohyphens=\language79

(D:\Program Files\MiKTeX\tex/generic/babel\txtbabel.def)
\bbl@readstream=\read2
)
\bbl@dirlevel=\count189

*************************************
* Local config file bblopts.cfg used
*
(D:\Program Files\MiKTeX\tex/latex/arabi\bblopts.cfg
File: bblopts.cfg 2005/09/08 v0.1 add Arabic and Farsi to "declared" options of
 babel
)
(D:\Program Files\MiKTeX\tex/latex/babel-czech\czech.ldf
Language: czech 2008/07/06 v3.1a Czech support from the babel system
Package babel Info: Making " an active character on input line 172.
\cs@wordlen=\count190
Package babel Info: Making - an active character on input line 226.
))
(D:\Program Files\MiKTeX\tex/latex/base\inputenc.sty
Package: inputenc 2020/08/01 v1.3d Input encoding file
\inpenc@prehook=\toks15
\inpenc@posthook=\toks16
)
(D:\Program Files\MiKTeX\tex/latex/graphics\graphicx.sty
Package: graphicx 2020/09/09 v1.2b Enhanced LaTeX Graphics (DPC,SPQR)

(D:\Program Files\MiKTeX\tex/latex/graphics\keyval.sty
Package: keyval 2014/10/28 v1.15 key=value parser (DPC)
\KV@toks@=\toks17
)
(D:\Program Files\MiKTeX\tex/latex/graphics\graphics.sty
Package: graphics 2020/08/30 v1.4c Standard LaTeX Graphics (DPC,SPQR)

(D:\Program Files\MiKTeX\tex/latex/graphics\trig.sty
Package: trig 2016/01/03 v1.10 sin cos tan (DPC)
)
(D:\Program Files\MiKTeX\tex/latex/graphics-cfg\graphics.cfg
File: graphics.cfg 2016/06/04 v1.11 sample graphics configuration
)
Package graphics Info: Driver file: pdftex.def on input line 105.

(D:\Program Files\MiKTeX\tex/latex/graphics-def\pdftex.def
File: pdftex.def 2020/10/05 v1.2a Graphics/color driver for pdftex
))
\Gin@req@height=\dimen140
\Gin@req@width=\dimen141
)
(D:\Program Files\MiKTeX\tex/latex/forest\forest.sty
Package: forest 2017/07/14 v2.1.5 Drawing (linguistic) trees

(D:\Program Files\MiKTeX\tex/latex/pgf/frontendlayer\tikz.sty
(D:\Program Files\MiKTeX\tex/latex/pgf/basiclayer\pgf.sty
(D:\Program Files\MiKTeX\tex/latex/pgf/utilities\pgfrcs.sty
(D:\Program Files\MiKTeX\tex/generic/pgf/utilities\pgfutil-common.tex
\pgfutil@everybye=\toks18
\pgfutil@tempdima=\dimen142
\pgfutil@tempdimb=\dimen143

(D:\Program Files\MiKTeX\tex/generic/pgf/utilities\pgfutil-common-lists.tex))
(D:\Program Files\MiKTeX\tex/generic/pgf/utilities\pgfutil-latex.def
\pgfutil@abb=\box47
)
(D:\Program Files\MiKTeX\tex/generic/pgf/utilities\pgfrcs.code.tex
(D:\Program Files\MiKTeX\tex/generic/pgf\pgf.revision.tex)
Package: pgfrcs 2020/12/27 v3.1.8b (3.1.8b)
))
Package: pgf 2020/12/27 v3.1.8b (3.1.8b)

(D:\Program Files\MiKTeX\tex/latex/pgf/basiclayer\pgfcore.sty
(D:\Program Files\MiKTeX\tex/latex/pgf/systemlayer\pgfsys.sty
(D:\Program Files\MiKTeX\tex/generic/pgf/systemlayer\pgfsys.code.tex
Package: pgfsys 2020/12/27 v3.1.8b (3.1.8b)

(D:\Program Files\MiKTeX\tex/generic/pgf/utilities\pgfkeys.code.tex
\pgfkeys@pathtoks=\toks19
\pgfkeys@temptoks=\toks20

(D:\Program Files\MiKTeX\tex/generic/pgf/utilities\pgfkeysfiltered.code.tex
\pgfkeys@tmptoks=\toks21
))
\pgf@x=\dimen144
\pgf@y=\dimen145
\pgf@xa=\dimen146
\pgf@ya=\dimen147
\pgf@xb=\dimen148
\pgf@yb=\dimen149
\pgf@xc=\dimen150
\pgf@yc=\dimen151
\pgf@xd=\dimen152
\pgf@yd=\dimen153
\w@pgf@writea=\write3
\r@pgf@reada=\read3
\c@pgf@counta=\count191
\c@pgf@countb=\count192
\c@pgf@countc=\count193
\c@pgf@countd=\count194
\t@pgf@toka=\toks22
\t@pgf@tokb=\toks23
\t@pgf@tokc=\toks24
\pgf@sys@id@count=\count195

(D:\Program Files\MiKTeX\tex/generic/pgf/systemlayer\pgf.cfg
File: pgf.cfg 2020/12/27 v3.1.8b (3.1.8b)
)
Driver file for pgf: pgfsys-pdftex.def

(D:\Program Files\MiKTeX\tex/generic/pgf/systemlayer\pgfsys-pdftex.def
File: pgfsys-pdftex.def 2020/12/27 v3.1.8b (3.1.8b)

(D:\Program Files\MiKTeX\tex/generic/pgf/systemlayer\pgfsys-common-pdf.def
File: pgfsys-common-pdf.def 2020/12/27 v3.1.8b (3.1.8b)
)))
(D:\Program Files\MiKTeX\tex/generic/pgf/systemlayer\pgfsyssoftpath.code.tex
File: pgfsyssoftpath.code.tex 2020/12/27 v3.1.8b (3.1.8b)
\pgfsyssoftpath@smallbuffer@items=\count196
\pgfsyssoftpath@bigbuffer@items=\count197
)
(D:\Program Files\MiKTeX\tex/generic/pgf/systemlayer\pgfsysprotocol.code.tex
File: pgfsysprotocol.code.tex 2020/12/27 v3.1.8b (3.1.8b)
))
(D:\Program Files\MiKTeX\tex/latex/xcolor\xcolor.sty
Package: xcolor 2016/05/11 v2.12 LaTeX color extensions (UK)

(D:\Program Files\MiKTeX\tex/latex/graphics-cfg\color.cfg
File: color.cfg 2016/01/02 v1.6 sample color configuration
)
Package xcolor Info: Driver file: pdftex.def on input line 225.
Package xcolor Info: Model `cmy' substituted by `cmy0' on input line 1348.
Package xcolor Info: Model `hsb' substituted by `rgb' on input line 1352.
Package xcolor Info: Model `RGB' extended on input line 1364.
Package xcolor Info: Model `HTML' substituted by `rgb' on input line 1366.
Package xcolor Info: Model `Hsb' substituted by `hsb' on input line 1367.
Package xcolor Info: Model `tHsb' substituted by `hsb' on input line 1368.
Package xcolor Info: Model `HSB' substituted by `hsb' on input line 1369.
Package xcolor Info: Model `Gray' substituted by `gray' on input line 1370.
Package xcolor Info: Model `wave' substituted by `hsb' on input line 1371.
)
(D:\Program Files\MiKTeX\tex/generic/pgf/basiclayer\pgfcore.code.tex
Package: pgfcore 2020/12/27 v3.1.8b (3.1.8b)

(D:\Program Files\MiKTeX\tex/generic/pgf/math\pgfmath.code.tex
(D:\Program Files\MiKTeX\tex/generic/pgf/math\pgfmathcalc.code.tex
(D:\Program Files\MiKTeX\tex/generic/pgf/math\pgfmathutil.code.tex)
(D:\Program Files\MiKTeX\tex/generic/pgf/math\pgfmathparser.code.tex
\pgfmath@dimen=\dimen154
\pgfmath@count=\count198
\pgfmath@box=\box48
\pgfmath@toks=\toks25
\pgfmath@stack@operand=\toks26
\pgfmath@stack@operation=\toks27
)
(D:\Program Files\MiKTeX\tex/generic/pgf/math\pgfmathfunctions.code.tex
(D:\Program Files\MiKTeX\tex/generic/pgf/math\pgfmathfunctions.basic.code.tex)
(D:\Program Files\MiKTeX\tex/generic/pgf/math\pgfmathfunctions.trigonometric.co
de.tex)
(D:\Program Files\MiKTeX\tex/generic/pgf/math\pgfmathfunctions.random.code.tex)

(D:\Program Files\MiKTeX\tex/generic/pgf/math\pgfmathfunctions.comparison.code.
tex)
(D:\Program Files\MiKTeX\tex/generic/pgf/math\pgfmathfunctions.base.code.tex)
(D:\Program Files\MiKTeX\tex/generic/pgf/math\pgfmathfunctions.round.code.tex)
(D:\Program Files\MiKTeX\tex/generic/pgf/math\pgfmathfunctions.misc.code.tex)
(D:\Program Files\MiKTeX\tex/generic/pgf/math\pgfmathfunctions.integerarithmeti
cs.code.tex)))
(D:\Program Files\MiKTeX\tex/generic/pgf/math\pgfmathfloat.code.tex
\c@pgfmathroundto@lastzeros=\count199
))
(D:\Program Files\MiKTeX\tex/generic/pgf/math\pgfint.code.tex)
(D:\Program Files\MiKTeX\tex/generic/pgf/basiclayer\pgfcorepoints.code.tex
File: pgfcorepoints.code.tex 2020/12/27 v3.1.8b (3.1.8b)
\pgf@picminx=\dimen155
\pgf@picmaxx=\dimen156
\pgf@picminy=\dimen157
\pgf@picmaxy=\dimen158
\pgf@pathminx=\dimen159
\pgf@pathmaxx=\dimen160
\pgf@pathminy=\dimen161
\pgf@pathmaxy=\dimen162
\pgf@xx=\dimen163
\pgf@xy=\dimen164
\pgf@yx=\dimen165
\pgf@yy=\dimen166
\pgf@zx=\dimen167
\pgf@zy=\dimen168
)
(D:\Program Files\MiKTeX\tex/generic/pgf/basiclayer\pgfcorepathconstruct.code.t
ex
File: pgfcorepathconstruct.code.tex 2020/12/27 v3.1.8b (3.1.8b)
\pgf@path@lastx=\dimen169
\pgf@path@lasty=\dimen170
)
(D:\Program Files\MiKTeX\tex/generic/pgf/basiclayer\pgfcorepathusage.code.tex
File: pgfcorepathusage.code.tex 2020/12/27 v3.1.8b (3.1.8b)
\pgf@shorten@end@additional=\dimen171
\pgf@shorten@start@additional=\dimen172
)
(D:\Program Files\MiKTeX\tex/generic/pgf/basiclayer\pgfcorescopes.code.tex
File: pgfcorescopes.code.tex 2020/12/27 v3.1.8b (3.1.8b)
\pgfpic=\box49
\pgf@hbox=\box50
\pgf@layerbox@main=\box51
\pgf@picture@serial@count=\count266
)
(D:\Program Files\MiKTeX\tex/generic/pgf/basiclayer\pgfcoregraphicstate.code.te
x
File: pgfcoregraphicstate.code.tex 2020/12/27 v3.1.8b (3.1.8b)
\pgflinewidth=\dimen173
)
(D:\Program Files\MiKTeX\tex/generic/pgf/basiclayer\pgfcoretransformations.code
.tex
File: pgfcoretransformations.code.tex 2020/12/27 v3.1.8b (3.1.8b)
\pgf@pt@x=\dimen174
\pgf@pt@y=\dimen175
\pgf@pt@temp=\dimen176
) (D:\Program Files\MiKTeX\tex/generic/pgf/basiclayer\pgfcorequick.code.tex
File: pgfcorequick.code.tex 2020/12/27 v3.1.8b (3.1.8b)
) (D:\Program Files\MiKTeX\tex/generic/pgf/basiclayer\pgfcoreobjects.code.tex
File: pgfcoreobjects.code.tex 2020/12/27 v3.1.8b (3.1.8b)
)
(D:\Program Files\MiKTeX\tex/generic/pgf/basiclayer\pgfcorepathprocessing.code.
tex
File: pgfcorepathprocessing.code.tex 2020/12/27 v3.1.8b (3.1.8b)
) (D:\Program Files\MiKTeX\tex/generic/pgf/basiclayer\pgfcorearrows.code.tex
File: pgfcorearrows.code.tex 2020/12/27 v3.1.8b (3.1.8b)
\pgfarrowsep=\dimen177
) (D:\Program Files\MiKTeX\tex/generic/pgf/basiclayer\pgfcoreshade.code.tex
File: pgfcoreshade.code.tex 2020/12/27 v3.1.8b (3.1.8b)
\pgf@max=\dimen178
\pgf@sys@shading@range@num=\count267
\pgf@shadingcount=\count268
)
(D:\Program Files\MiKTeX\tex/generic/pgf/basiclayer\pgfcoreimage.code.tex
File: pgfcoreimage.code.tex 2020/12/27 v3.1.8b (3.1.8b)

(D:\Program Files\MiKTeX\tex/generic/pgf/basiclayer\pgfcoreexternal.code.tex
File: pgfcoreexternal.code.tex 2020/12/27 v3.1.8b (3.1.8b)
\pgfexternal@startupbox=\box52
))
(D:\Program Files\MiKTeX\tex/generic/pgf/basiclayer\pgfcorelayers.code.tex
File: pgfcorelayers.code.tex 2020/12/27 v3.1.8b (3.1.8b)
)
(D:\Program Files\MiKTeX\tex/generic/pgf/basiclayer\pgfcoretransparency.code.te
x
File: pgfcoretransparency.code.tex 2020/12/27 v3.1.8b (3.1.8b)
) (D:\Program Files\MiKTeX\tex/generic/pgf/basiclayer\pgfcorepatterns.code.tex
File: pgfcorepatterns.code.tex 2020/12/27 v3.1.8b (3.1.8b)
) (D:\Program Files\MiKTeX\tex/generic/pgf/basiclayer\pgfcorerdf.code.tex
File: pgfcorerdf.code.tex 2020/12/27 v3.1.8b (3.1.8b)
)))
(D:\Program Files\MiKTeX\tex/generic/pgf/modules\pgfmoduleshapes.code.tex
File: pgfmoduleshapes.code.tex 2020/12/27 v3.1.8b (3.1.8b)
\pgfnodeparttextbox=\box53
)
(D:\Program Files\MiKTeX\tex/generic/pgf/modules\pgfmoduleplot.code.tex
File: pgfmoduleplot.code.tex 2020/12/27 v3.1.8b (3.1.8b)
)
(D:\Program Files\MiKTeX\tex/latex/pgf/compatibility\pgfcomp-version-0-65.sty
Package: pgfcomp-version-0-65 2020/12/27 v3.1.8b (3.1.8b)
\pgf@nodesepstart=\dimen179
\pgf@nodesepend=\dimen180
)
(D:\Program Files\MiKTeX\tex/latex/pgf/compatibility\pgfcomp-version-1-18.sty
Package: pgfcomp-version-1-18 2020/12/27 v3.1.8b (3.1.8b)
)) (D:\Program Files\MiKTeX\tex/latex/pgf/utilities\pgffor.sty
(D:\Program Files\MiKTeX\tex/latex/pgf/utilities\pgfkeys.sty
(D:\Program Files\MiKTeX\tex/generic/pgf/utilities\pgfkeys.code.tex))
(D:\Program Files\MiKTeX\tex/latex/pgf/math\pgfmath.sty
(D:\Program Files\MiKTeX\tex/generic/pgf/math\pgfmath.code.tex))
(D:\Program Files\MiKTeX\tex/generic/pgf/utilities\pgffor.code.tex
Package: pgffor 2020/12/27 v3.1.8b (3.1.8b)

(D:\Program Files\MiKTeX\tex/generic/pgf/math\pgfmath.code.tex)
\pgffor@iter=\dimen181
\pgffor@skip=\dimen182
\pgffor@stack=\toks28
\pgffor@toks=\toks29
))
(D:\Program Files\MiKTeX\tex/generic/pgf/frontendlayer/tikz\tikz.code.tex
Package: tikz 2020/12/27 v3.1.8b (3.1.8b)

(D:\Program Files\MiKTeX\tex/generic/pgf/libraries\pgflibraryplothandlers.code.
tex
File: pgflibraryplothandlers.code.tex 2020/12/27 v3.1.8b (3.1.8b)
\pgf@plot@mark@count=\count269
\pgfplotmarksize=\dimen183
)
\tikz@lastx=\dimen184
\tikz@lasty=\dimen185
\tikz@lastxsaved=\dimen186
\tikz@lastysaved=\dimen187
\tikz@lastmovetox=\dimen188
\tikz@lastmovetoy=\dimen189
\tikzleveldistance=\dimen190
\tikzsiblingdistance=\dimen191
\tikz@figbox=\box54
\tikz@figbox@bg=\box55
\tikz@tempbox=\box56
\tikz@tempbox@bg=\box57
\tikztreelevel=\count270
\tikznumberofchildren=\count271
\tikznumberofcurrentchild=\count272
\tikz@fig@count=\count273
 (D:\Program Files\MiKTeX\tex/generic/pgf/modules\pgfmodulematrix.code.tex
File: pgfmodulematrix.code.tex 2020/12/27 v3.1.8b (3.1.8b)
\pgfmatrixcurrentrow=\count274
\pgfmatrixcurrentcolumn=\count275
\pgf@matrix@numberofcolumns=\count276
)
\tikz@expandcount=\count277

(D:\Program Files\MiKTeX\tex/generic/pgf/frontendlayer/tikz/libraries\tikzlibra
rytopaths.code.tex
File: tikzlibrarytopaths.code.tex 2020/12/27 v3.1.8b (3.1.8b)
)))
(D:\Program Files\MiKTeX\tex/generic/pgf/frontendlayer/tikz/libraries\tikzlibra
ryshapes.code.tex
File: tikzlibraryshapes.code.tex 2020/12/27 v3.1.8b (3.1.8b)

(D:\Program Files\MiKTeX\tex/generic/pgf/frontendlayer/tikz/libraries\tikzlibra
ryshapes.geometric.code.tex
File: tikzlibraryshapes.geometric.code.tex 2020/12/27 v3.1.8b (3.1.8b)

(D:\Program Files\MiKTeX\tex/generic/pgf/libraries/shapes\pgflibraryshapes.geom
etric.code.tex
File: pgflibraryshapes.geometric.code.tex 2020/12/27 v3.1.8b (3.1.8b)
))
(D:\Program Files\MiKTeX\tex/generic/pgf/frontendlayer/tikz/libraries\tikzlibra
ryshapes.misc.code.tex
File: tikzlibraryshapes.misc.code.tex 2020/12/27 v3.1.8b (3.1.8b)

(D:\Program Files\MiKTeX\tex/generic/pgf/libraries/shapes\pgflibraryshapes.misc
.code.tex
File: pgflibraryshapes.misc.code.tex 2020/12/27 v3.1.8b (3.1.8b)
))
(D:\Program Files\MiKTeX\tex/generic/pgf/frontendlayer/tikz/libraries\tikzlibra
ryshapes.symbols.code.tex
File: tikzlibraryshapes.symbols.code.tex 2020/12/27 v3.1.8b (3.1.8b)

(D:\Program Files\MiKTeX\tex/generic/pgf/libraries/shapes\pgflibraryshapes.symb
ols.code.tex
File: pgflibraryshapes.symbols.code.tex 2020/12/27 v3.1.8b (3.1.8b)
))
(D:\Program Files\MiKTeX\tex/generic/pgf/frontendlayer/tikz/libraries\tikzlibra
ryshapes.arrows.code.tex
File: tikzlibraryshapes.arrows.code.tex 2020/12/27 v3.1.8b (3.1.8b)

(D:\Program Files\MiKTeX\tex/generic/pgf/libraries/shapes\pgflibraryshapes.arro
ws.code.tex
File: pgflibraryshapes.arrows.code.tex 2020/12/27 v3.1.8b (3.1.8b)
))
(D:\Program Files\MiKTeX\tex/generic/pgf/frontendlayer/tikz/libraries\tikzlibra
ryshapes.callouts.code.tex
(D:\Program Files\MiKTeX\tex/generic/pgf/libraries/shapes\pgflibraryshapes.call
outs.code.tex))
(D:\Program Files\MiKTeX\tex/generic/pgf/frontendlayer/tikz/libraries\tikzlibra
ryshapes.multipart.code.tex
File: tikzlibraryshapes.multipart.code.tex 2020/12/27 v3.1.8b (3.1.8b)

(D:\Program Files\MiKTeX\tex/generic/pgf/libraries/shapes\pgflibraryshapes.mult
ipart.code.tex
File: pgflibraryshapes.multipart.code.tex 2020/12/27 v3.1.8b (3.1.8b)
\pgfnodepartlowerbox=\box58
\pgfnodeparttwobox=\box59
\pgfnodepartthreebox=\box60
\pgfnodepartfourbox=\box61
\pgfnodeparttwentybox=\box62
\pgfnodepartnineteenbox=\box63
\pgfnodeparteighteenbox=\box64
\pgfnodepartseventeenbox=\box65
\pgfnodepartsixteenbox=\box66
\pgfnodepartfifteenbox=\box67
\pgfnodepartfourteenbox=\box68
\pgfnodepartthirteenbox=\box69
\pgfnodeparttwelvebox=\box70
\pgfnodepartelevenbox=\box71
\pgfnodeparttenbox=\box72
\pgfnodepartninebox=\box73
\pgfnodeparteightbox=\box74
\pgfnodepartsevenbox=\box75
\pgfnodepartsixbox=\box76
\pgfnodepartfivebox=\box77
)))
(D:\Program Files\MiKTeX\tex/generic/pgf/frontendlayer/tikz/libraries\tikzlibra
ryfit.code.tex
File: tikzlibraryfit.code.tex 2020/12/27 v3.1.8b (3.1.8b)
)
(D:\Program Files\MiKTeX\tex/generic/pgf/frontendlayer/tikz/libraries\tikzlibra
rycalc.code.tex
File: tikzlibrarycalc.code.tex 2020/12/27 v3.1.8b (3.1.8b)
)
(D:\Program Files\MiKTeX\tex/generic/pgf/libraries\pgflibraryintersections.code
.tex (D:\Program Files\MiKTeX\tex/generic/pgf/libraries\pgflibraryfpu.code.tex)
\pgf@intersect@solutions=\count278
) (D:\Program Files\MiKTeX\tex/latex/pgfopts\pgfopts.sty
Package: pgfopts 2014/07/10 v2.1a LaTeX package options with pgfkeys
\pgfopts@list@add@a@toks=\toks30
\pgfopts@list@add@b@toks=\toks31
)
(D:\Program Files\MiKTeX\tex/latex/etoolbox\etoolbox.sty
Package: etoolbox 2020/10/05 v2.5k e-TeX tools for LaTeX (JAW)
\etb@tempcnta=\count279
)
(D:\Program Files\MiKTeX\tex/latex/elocalloc\elocalloc.sty
Package: elocalloc 2016/12/15 v0.03 local allocation for LaTeX 2015+ (DPC)
)
(D:\Program Files\MiKTeX\tex/latex/environ\environ.sty
Package: environ 2014/05/04 v0.3 A new way to define environments

(D:\Program Files\MiKTeX\tex/latex/trimspaces\trimspaces.sty
Package: trimspaces 2009/09/17 v1.1 Trim spaces around a token list
)
\@envbody=\toks32
)
(D:\Program Files\MiKTeX\tex/latex/l3packages/xparse\xparse.sty
(D:\Program Files\MiKTeX\tex/latex/l3kernel\expl3.sty
Package: expl3 2021-02-18 L3 programming layer (loader) 

(D:\Program Files\MiKTeX\tex/latex/l3backend\l3backend-pdftex.def
File: l3backend-pdftex.def 2021-03-02 L3 backend support: PDF output (pdfTeX)
\l__color_backend_stack_int=\count280
\l__pdf_internal_box=\box78
))
(D:\Program Files\MiKTeX\tex/latex/l3packages/xparse\xparse-2020-10-01.sty
(D:\Program Files\MiKTeX\tex/latex/l3packages/xparse\xparse-generic.tex)))
(D:\Program Files\MiKTeX\tex/latex/inlinedef\inlinedef.sty
Package: inlinedef 2008/07/10 v1.0 Inlined expansions within definitions
\ID@toks=\toks33
\ID@count=\count281
)
\ID@usercommands=\toks34
\safeloop@depth=\count282
\safeRKloop@depth=\count283
\forest@temp@dimen=\dimen192
\forest@temp@count=\count284
\forest@n=\count285
\forest@temp@global@count=\count286
\forest@temp@toks=\toks35
\forest@temparray@M=\count287
\forest@temparray@N=\count288
\forest@global@temparray@M=\count289
\forest@global@temparray@N=\count290
\forest@isnum@count=\count291
\forest@isdim@nonintpart=\count292
\forest@isdim@dimen=\dimen193
\forest@sort@m=\count293
\forest@sort@k=\count294
\forest@sort@p=\count295
\bracket@content=\toks36
\bracket@afterthought=\toks37
\forest@node@maxid=\count296
\forest@process@left@M=\count297
\forest@process@left@N=\count298
\forest@process@right@M=\count299
\forest@process@right@N=\count300
\forest@process@saved@M=\count301
\forest@process@saved@N=\count302
\forest@process@result@M=\count303
\forest@process@result@N=\count304
\forest@process@n=\count305
\forest@nodewalk@branch@toks=\toks38
\forest@nodewalk@shortsteps@resolution=\toks39
\forest@do@dynamics=\toks40
\forest@box=\box79
\forest@xg=\dimen194
\forest@yg=\dimen195
\forest@xs=\dimen196
\forest@ys=\dimen197
\forest@pi@toks=\toks41
\forest@segment@toks=\toks42
\forest@PIi@toks=\toks43
\forest@PIii@toks=\toks44
\forest@copy@in=\read4
\forest@copy@out=\write4
\forest@externalize@max@outer@n=\count306
\forest@externalize@inner@n=\count307
)
(D:\Program Files\MiKTeX\tex/latex/base\fontenc.sty
Package: fontenc 2020/08/10 v2.0s Standard LaTeX package
)
(D:\Program Files\MiKTeX\tex/latex/geometry\geometry.sty
Package: geometry 2020/01/02 v5.9 Page Geometry

(D:\Program Files\MiKTeX\tex/generic/iftex\ifvtex.sty
Package: ifvtex 2019/10/25 v1.7 ifvtex legacy package. Use iftex instead.

(D:\Program Files\MiKTeX\tex/generic/iftex\iftex.sty
Package: iftex 2020/03/06 v1.0d TeX engine tests
))
\Gm@cnth=\count308
\Gm@cntv=\count309
\c@Gm@tempcnt=\count310
\Gm@bindingoffset=\dimen198
\Gm@wd@mp=\dimen199
\Gm@odd@mp=\dimen256
\Gm@even@mp=\dimen257
\Gm@layoutwidth=\dimen258
\Gm@layoutheight=\dimen259
\Gm@layouthoffset=\dimen260
\Gm@layoutvoffset=\dimen261
\Gm@dimlist=\toks45

(D:\Program Files\MiKTeX\tex/latex/geometry\geometry.cfg))
(D:\Program Files\MiKTeX\tex/latex/titlesec\titlesec.sty
Package: titlesec 2019/10/16 v2.13 Sectioning titles
\ttl@box=\box80
\beforetitleunit=\skip49
\aftertitleunit=\skip50
\ttl@plus=\dimen262
\ttl@minus=\dimen263
\ttl@toksa=\toks46
\titlewidth=\dimen264
\titlewidthlast=\dimen265
\titlewidthfirst=\dimen266
)
(D:\Program Files\MiKTeX\tex/latex/datetime\datetime.sty
Package: datetime 2015/03/20 v2.60 Date Time Package

(D:\Program Files\MiKTeX\tex/latex/fmtcount\fmtcount.sty
Package: fmtcount 2020/01/30 v3.07

(D:\Program Files\MiKTeX\tex/latex/base\ifthen.sty
Package: ifthen 2014/09/29 v1.1c Standard LaTeX ifthen package (DPC)
)
(D:\Program Files\MiKTeX\tex/latex/xkeyval\xkeyval.sty
Package: xkeyval 2020/11/20 v2.8 package option processing (HA)

(D:\Program Files\MiKTeX\tex/generic/xkeyval\xkeyval.tex
(D:\Program Files\MiKTeX\tex/generic/xkeyval\xkvutils.tex
\XKV@toks=\toks47
\XKV@tempa@toks=\toks48
)
\XKV@depth=\count311
File: xkeyval.tex 2014/12/03 v2.7a key=value parser (HA)
))
(D:\Program Files\MiKTeX\tex/latex/fmtcount\fcprefix.sty
Package: fcprefix 2012/09/28

(D:\Program Files\MiKTeX\tex/latex/fmtcount\fcnumparser.sty
Package: fcnumparser 2017/06/15
\fc@digit@counter=\count312
))
(D:\Program Files\MiKTeX\tex/latex/amsmath\amsgen.sty
File: amsgen.sty 1999/11/30 v2.0 generic functions
\@emptytoks=\toks49
\ex@=\dimen267
)
\c@padzeroesN=\count313
\fc@tmpcatcode=\count314
\@DT@modctr=\count315
\@ordinalctr=\count316
\@orgargctr=\count317
\@strctr=\count318
\@tmpstrctr=\count319
\@DT@loopN=\count320
\@DT@X=\count321
)
(D:\Program Files\MiKTeX\tex/latex/datetime\datetime-defaults.sty
Package: datetime-defaults 2013/09/10
)
\@day=\count322
\@month=\count323
\@year=\count324
\c@HOUR=\count325
\c@HOURXII=\count326
\c@MINUTE=\count327
\c@TOHOUR=\count328
\c@TOMINUTE=\count329
\c@SECOND=\count330
\currenthour=\count331
\currentminute=\count332
\currentsecond=\count333
Package datetime Info: No datetime.cfg file found, using default settings on in
put line 308.
\@dtctr=\count334
\dayofyear=\count335
\dayofweek=\count336
LaTeX Info: Redefining \today on input line 736.

(D:\Program Files\MiKTeX\tex/latex/datetime\dt-czech.def
File: dt-czech.def 2013/09/10
LaTeX Info: Redefining \dateczech on input line 86.
)
\dt@a=\toks50
\dt@b=\toks51
)
(D:\Program Files\MiKTeX\tex/latex/booktabs\booktabs.sty
Package: booktabs 2020/01/12 v1.61803398 Publication quality tables
\heavyrulewidth=\dimen268
\lightrulewidth=\dimen269
\cmidrulewidth=\dimen270
\belowrulesep=\dimen271
\belowbottomsep=\dimen272
\aboverulesep=\dimen273
\abovetopsep=\dimen274
\cmidrulesep=\dimen275
\cmidrulekern=\dimen276
\defaultaddspace=\dimen277
\@cmidla=\count337
\@cmidlb=\count338
\@aboverulesep=\dimen278
\@belowrulesep=\dimen279
\@thisruleclass=\count339
\@lastruleclass=\count340
\@thisrulewidth=\dimen280
))
(D:\Program Files\MiKTeX\tex/latex/hyperref\hyperref.sty
Package: hyperref 2021-02-27 v7.00k Hypertext links for LaTeX

(D:\Program Files\MiKTeX\tex/generic/ltxcmds\ltxcmds.sty
Package: ltxcmds 2020-05-10 v1.25 LaTeX kernel commands for general use (HO)
)
(D:\Program Files\MiKTeX\tex/generic/pdftexcmds\pdftexcmds.sty
Package: pdftexcmds 2020-06-27 v0.33 Utility functions of pdfTeX for LuaTeX (HO
)

(D:\Program Files\MiKTeX\tex/generic/infwarerr\infwarerr.sty
Package: infwarerr 2019/12/03 v1.5 Providing info/warning/error messages (HO)
)
Package pdftexcmds Info: \pdf@primitive is available.
Package pdftexcmds Info: \pdf@ifprimitive is available.
Package pdftexcmds Info: \pdfdraftmode found.
)
(D:\Program Files\MiKTeX\tex/generic/kvsetkeys\kvsetkeys.sty
Package: kvsetkeys 2019/12/15 v1.18 Key value parser (HO)
)
(D:\Program Files\MiKTeX\tex/generic/kvdefinekeys\kvdefinekeys.sty
Package: kvdefinekeys 2019-12-19 v1.6 Define keys (HO)
)
(D:\Program Files\MiKTeX\tex/generic/pdfescape\pdfescape.sty
Package: pdfescape 2019/12/09 v1.15 Implements pdfTeX's escape features (HO)
)
(D:\Program Files\MiKTeX\tex/latex/hycolor\hycolor.sty
Package: hycolor 2020-01-27 v1.10 Color options for hyperref/bookmark (HO)
)
(D:\Program Files\MiKTeX\tex/latex/letltxmacro\letltxmacro.sty
Package: letltxmacro 2019/12/03 v1.6 Let assignment for LaTeX macros (HO)
)
(D:\Program Files\MiKTeX\tex/latex/auxhook\auxhook.sty
Package: auxhook 2019-12-17 v1.6 Hooks for auxiliary files (HO)
)
(D:\Program Files\MiKTeX\tex/latex/kvoptions\kvoptions.sty
Package: kvoptions 2020-10-07 v3.14 Key value format for package options (HO)
)
\@linkdim=\dimen281
\Hy@linkcounter=\count341
\Hy@pagecounter=\count342

(D:\Program Files\MiKTeX\tex/latex/hyperref\pd1enc.def
File: pd1enc.def 2021-02-27 v7.00k Hyperref: PDFDocEncoding definition (HO)
Now handling font encoding PD1 ...
... no UTF-8 mapping file for font encoding PD1
)
(D:\Program Files\MiKTeX\tex/latex/hyperref\hyperref-langpatches.def
File: hyperref-langpatches.def 2021-02-27 v7.00k Hyperref: patches for babel la
nguages
)
(D:\Program Files\MiKTeX\tex/generic/intcalc\intcalc.sty
Package: intcalc 2019/12/15 v1.3 Expandable calculations with integers (HO)
)
(D:\Program Files\MiKTeX\tex/generic/etexcmds\etexcmds.sty
Package: etexcmds 2019/12/15 v1.7 Avoid name clashes with e-TeX commands (HO)
)
\Hy@SavedSpaceFactor=\count343

(D:\Program Files\MiKTeX\tex/latex/hyperref\puenc.def
File: puenc.def 2021-02-27 v7.00k Hyperref: PDF Unicode definition (HO)
Now handling font encoding PU ...
... no UTF-8 mapping file for font encoding PU
)
Package hyperref Info: Hyper figures OFF on input line 4192.
Package hyperref Info: Link nesting OFF on input line 4197.
Package hyperref Info: Hyper index ON on input line 4200.
Package hyperref Info: Plain pages OFF on input line 4207.
Package hyperref Info: Backreferencing OFF on input line 4212.
Package hyperref Info: Implicit mode ON; LaTeX internals redefined.
Package hyperref Info: Bookmarks ON on input line 4445.
\c@Hy@tempcnt=\count344

(D:\Program Files\MiKTeX\tex/latex/url\url.sty
\Urlmuskip=\muskip16
Package: url 2013/09/16  ver 3.4  Verb mode for urls, etc.
)
LaTeX Info: Redefining \url on input line 4804.
\XeTeXLinkMargin=\dimen282

(D:\Program Files\MiKTeX\tex/generic/bitset\bitset.sty
Package: bitset 2019/12/09 v1.3 Handle bit-vector datatype (HO)

(D:\Program Files\MiKTeX\tex/generic/bigintcalc\bigintcalc.sty
Package: bigintcalc 2019/12/15 v1.5 Expandable calculations on big integers (HO
)
))
\Fld@menulength=\count345
\Field@Width=\dimen283
\Fld@charsize=\dimen284
Package hyperref Info: Hyper figures OFF on input line 6075.
Package hyperref Info: Link nesting OFF on input line 6080.
Package hyperref Info: Hyper index ON on input line 6083.
Package hyperref Info: backreferencing OFF on input line 6090.
Package hyperref Info: Link coloring OFF on input line 6095.
Package hyperref Info: Link coloring with OCG OFF on input line 6100.
Package hyperref Info: PDF/A mode OFF on input line 6105.
LaTeX Info: Redefining \ref on input line 6145.
LaTeX Info: Redefining \pageref on input line 6149.

(D:\Program Files\MiKTeX\tex/latex/base\atbegshi-ltx.sty
Package: atbegshi-ltx 2020/08/17 v1.0a Emulation of the original atbegshi packa
ge
with kernel methods
)
\Hy@abspage=\count346
\c@Item=\count347
\c@Hfootnote=\count348
)
Package hyperref Info: Driver (autodetected): hpdftex.

(D:\Program Files\MiKTeX\tex/latex/hyperref\hpdftex.def
File: hpdftex.def 2021-02-27 v7.00k Hyperref driver for pdfTeX

(D:\Program Files\MiKTeX\tex/latex/base\atveryend-ltx.sty
Package: atveryend-ltx 2020/08/19 v1.0a Emulation of the original atvery packag
e
with kernel methods
)
\Fld@listcount=\count349
\c@bookmark@seq@number=\count350

(D:\Program Files\MiKTeX\tex/latex/rerunfilecheck\rerunfilecheck.sty
Package: rerunfilecheck 2019/12/05 v1.9 Rerun checks for auxiliary files (HO)

(D:\Program Files\MiKTeX\tex/generic/uniquecounter\uniquecounter.sty
Package: uniquecounter 2019/12/15 v1.4 Provide unlimited unique counter (HO)
)
Package uniquecounter Info: New unique counter `rerunfilecheck' on input line 2
86.
)
\Hy@SectionHShift=\skip51
)
(D:\Program Files\MiKTeX\tex/latex/latex-tools\indentfirst.sty
Package: indentfirst 1995/11/23 v1.03 Indent first paragraph (DPC)
)
(D:\Program Files\MiKTeX\tex/latex/caption\subcaption.sty
Package: subcaption 2020/10/07 v1.3j Sub-captions (AR)

(D:\Program Files\MiKTeX\tex/latex/caption\caption.sty
Package: caption 2020/10/26 v3.5g Customizing captions (AR)

(D:\Program Files\MiKTeX\tex/latex/caption\caption3.sty
Package: caption3 2020/10/21 v2.2e caption3 kernel (AR)
\captionmargin=\dimen285
\captionmargin@=\dimen286
\captionwidth=\dimen287
\caption@tempdima=\dimen288
\caption@indent=\dimen289
\caption@parindent=\dimen290
\caption@hangindent=\dimen291
Package caption Info: Standard document class detected.
)
\c@caption@flags=\count351
\c@continuedfloat=\count352
Package caption Info: hyperref package is loaded.
)
\c@subfigure=\count353
\c@subtable=\count354
)
(D:\Program Files\MiKTeX\tex/latex/minted\minted.sty
Package: minted 2017/07/19 v2.5 Yet another Pygments shim for LaTeX

(D:\Program Files\MiKTeX\tex/latex/fvextra\fvextra.sty
Package: fvextra 2019/02/04 v1.4 fvextra - extensions and patches for fancyvrb

(D:\Program Files\MiKTeX\tex/latex/fancyvrb\fancyvrb.sty
Package: fancyvrb 2021/01/20 v3.7 verbatim text (tvz,hv)
\FV@CodeLineNo=\count355
\FV@InFile=\read5
\FV@TabBox=\box81
\c@FancyVerbLine=\count356
\FV@StepNumber=\count357
\FV@OutFile=\write5
)
(D:\Program Files\MiKTeX\tex/latex/upquote\upquote.sty
Package: upquote 2012/04/19 v1.3 upright-quote and grave-accent glyphs in verba
tim

(D:\Program Files\MiKTeX\tex/latex/base\textcomp.sty
Package: textcomp 2020/02/02 v2.0n Standard LaTeX package
))
(D:\Program Files\MiKTeX\tex/latex/lineno\lineno.sty
Package: lineno 2005/11/02 line numbers on paragraphs v4.41
\linenopenalty=\count358
\output=\toks52
\linenoprevgraf=\count359
\linenumbersep=\dimen292
\linenumberwidth=\dimen293
\c@linenumber=\count360
\c@pagewiselinenumber=\count361
\c@LN@truepage=\count362
\c@internallinenumber=\count363
\c@internallinenumbers=\count364
\quotelinenumbersep=\dimen294
\bframerule=\dimen295
\bframesep=\dimen296
\bframebox=\box82
LaTeX Info: Redefining \\ on input line 3056.
)
\c@FV@TrueTabGroupLevel=\count365
\c@FV@TrueTabCounter=\count366
\FV@TabBox@Group=\box83
\FV@TmpLength=\skip52
\c@FV@HighlightLinesStart=\count367
\c@FV@HighlightLinesStop=\count368
\FV@LoopCount=\count369
\FV@NCharsBox=\box84
\FV@BreakIndent=\dimen297
\FV@BreakIndentNChars=\count370
\FV@BreakSymbolSepLeft=\dimen298
\FV@BreakSymbolSepLeftNChars=\count371
\FV@BreakSymbolSepRight=\dimen299
\FV@BreakSymbolSepRightNChars=\count372
\FV@BreakSymbolIndentLeft=\dimen300
\FV@BreakSymbolIndentLeftNChars=\count373
\FV@BreakSymbolIndentRight=\dimen301
\FV@BreakSymbolIndentRightNChars=\count374
\c@FancyVerbLineBreakLast=\count375
\FV@LineBox=\box85
\FV@LineIndentBox=\box86
\FV@LineWidth=\dimen302
)
(D:\Program Files\MiKTeX\tex/latex/latex-tools\calc.sty
Package: calc 2017/05/25 v4.3 Infix arithmetic (KKT,FJ)
\calc@Acount=\count376
\calc@Bcount=\count377
\calc@Adimen=\dimen303
\calc@Bdimen=\dimen304
\calc@Askip=\skip53
\calc@Bskip=\skip54
LaTeX Info: Redefining \setlength on input line 80.
LaTeX Info: Redefining \addtolength on input line 81.
\calc@Ccount=\count378
\calc@Cskip=\skip55
)
(D:\Program Files\MiKTeX\tex/latex/latex-tools\shellesc.sty
Package: shellesc 2019/11/08 v1.0c unified shell escape interface for LaTeX
Package shellesc Info: Unrestricted shell escape enabled on input line 75.
)
(D:\Program Files\MiKTeX\tex/latex/ifplatform\ifplatform.sty
Package: ifplatform 2017/10/13 v0.4a Testing for the operating system

(D:\Program Files\MiKTeX\tex/generic/catchfile\catchfile.sty
Package: catchfile 2019/12/09 v1.8 Catch the contents of a file (HO)
)
(D:\Program Files\MiKTeX\tex/generic/iftex\ifluatex.sty
Package: ifluatex 2019/10/25 v1.5 ifluatex legacy package. Use iftex instead.
))
(D:\Program Files\MiKTeX\tex/latex/xstring\xstring.sty
(D:\Program Files\MiKTeX\tex/generic/xstring\xstring.tex
\integerpart=\count379
\decimalpart=\count380
)
Package: xstring 2019/02/06 v1.83 String manipulations (CT)
)
(D:\Program Files\MiKTeX\tex/latex/framed\framed.sty
Package: framed 2011/10/22 v 0.96: framed or shaded text with page breaks
\OuterFrameSep=\skip56
\fb@frw=\dimen305
\fb@frh=\dimen306
\FrameRule=\dimen307
\FrameSep=\dimen308
)
(D:\Program Files\MiKTeX\tex/latex/float\float.sty
Package: float 2001/11/08 v1.3d Float enhancements (AL)
\c@float@type=\count381
\float@exts=\toks53
\float@box=\box87
\@float@everytoks=\toks54
\@floatcapt=\box88
)
\minted@appexistsfile=\read6
\minted@bgbox=\box89
\minted@code=\write6
\c@minted@FancyVerbLineTemp=\count382
\c@minted@pygmentizecounter=\count383
\@float@every@listing=\toks55
\c@listing=\count384
)
runsystem(if not exist ..\auxil\_minted-main mkdir ..\auxil\_minted-main)...exe
cuted.

runsystem(for ^%i in (pygmentize.exe pygmentize.bat pygmentize.cmd) do set > ma
in.aex <nul: /p x=^%~$PATH:i>> main.aex)...executed.

runsystem(del main.aex)...executed.


(C:/Users\risak\Documents\Richard\Å kola\Stredni_skola\Maturitni-zkouska\Dlouho
doba maturitni prace\Dokumentace\auxil\main.aux)
\openout1 = `main.aux'.

LaTeX Font Info:    Checking defaults for OML/cmm/m/it on input line 22.
LaTeX Font Info:    ... okay on input line 22.
LaTeX Font Info:    Checking defaults for OMS/cmsy/m/n on input line 22.
LaTeX Font Info:    ... okay on input line 22.
LaTeX Font Info:    Checking defaults for OT1/cmr/m/n on input line 22.
LaTeX Font Info:    ... okay on input line 22.
LaTeX Font Info:    Checking defaults for T1/cmr/m/n on input line 22.
LaTeX Font Info:    ... okay on input line 22.
LaTeX Font Info:    Checking defaults for TS1/cmr/m/n on input line 22.
LaTeX Font Info:    ... okay on input line 22.
LaTeX Font Info:    Checking defaults for OMX/cmex/m/n on input line 22.
LaTeX Font Info:    ... okay on input line 22.
LaTeX Font Info:    Checking defaults for U/cmr/m/n on input line 22.
LaTeX Font Info:    ... okay on input line 22.
LaTeX Font Info:    Checking defaults for PD1/pdf/m/n on input line 22.
LaTeX Font Info:    ... okay on input line 22.
LaTeX Font Info:    Checking defaults for PU/pdf/m/n on input line 22.
LaTeX Font Info:    ... okay on input line 22.

(D:\Program Files\MiKTeX\tex/context/base/mkii\supp-pdf.mkii
[Loading MPS to PDF converter (version 2006.09.02).]
\scratchcounter=\count385
\scratchdimen=\dimen309
\scratchbox=\box90
\nofMPsegments=\count386
\nofMParguments=\count387
\everyMPshowfont=\toks56
\MPscratchCnt=\count388
\MPscratchDim=\dimen310
\MPnumerator=\count389
\makeMPintoPDFobject=\count390
\everyMPtoPDFconversion=\toks57
) (D:\Program Files\MiKTeX\tex/latex/epstopdf-pkg\epstopdf-base.sty
Package: epstopdf-base 2020-01-24 v2.11 Base part for package epstopdf
Package epstopdf-base Info: Redefining graphics rule for `.eps' on input line 4
85.

(D:\Program Files\MiKTeX\tex/latex/00miktex\epstopdf-sys.cfg
File: epstopdf-sys.cfg 2021/03/18 v2.0 Configuration of epstopdf for MiKTeX
))
*geometry* driver: auto-detecting
*geometry* detected driver: pdftex
*geometry* verbose mode - [ preamble ] result:
* driver: pdftex
* paper: a4paper
* layout: <same size as paper>
* layoutoffset:(h,v)=(0.0pt,0.0pt)
* modes: 
* h-part:(L,W,R)=(85.35826pt, 455.24411pt, 56.9055pt)
* v-part:(T,H,B)=(85.35826pt, 674.33032pt, 85.35826pt)
* \paperwidth=597.50787pt
* \paperheight=845.04684pt
* \textwidth=455.24411pt
* \textheight=674.33032pt
* \oddsidemargin=13.08827pt
* \evensidemargin=13.08827pt
* \topmargin=-23.91173pt
* \headheight=12.0pt
* \headsep=25.0pt
* \topskip=12.0pt
* \footskip=30.0pt
* \marginparwidth=35.0pt
* \marginparsep=10.0pt
* \columnsep=10.0pt
* \skip\footins=10.8pt plus 4.0pt minus 2.0pt
* \hoffset=0.0pt
* \voffset=0.0pt
* \mag=1000
* \@twocolumnfalse
* \@twosidefalse
* \@mparswitchfalse
* \@reversemarginfalse
* (1in=72.27pt=25.4mm, 1cm=28.453pt)

Package hyperref Info: Link coloring OFF on input line 22.
(D:\Program Files\MiKTeX\tex/latex/hyperref\nameref.sty
Package: nameref 2021-04-02 v2.47 Cross-referencing by name of section

(D:\Program Files\MiKTeX\tex/latex/refcount\refcount.sty
Package: refcount 2019/12/15 v3.6 Data extraction from label references (HO)
)
(D:\Program Files\MiKTeX\tex/generic/gettitlestring\gettitlestring.sty
Package: gettitlestring 2019/12/15 v1.6 Cleanup title references (HO)
)
\c@section@level=\count391
)
LaTeX Info: Redefining \ref on input line 22.
LaTeX Info: Redefining \pageref on input line 22.
LaTeX Info: Redefining \nameref on input line 22.

(C:/Users\risak\Documents\Richard\Å kola\Stredni_skola\Maturitni-zkouska\Dlouho
doba maturitni prace\Dokumentace\auxil\main.out)
(C:/Users\risak\Documents\Richard\Å kola\Stredni_skola\Maturitni-zkouska\Dlouho
doba maturitni prace\Dokumentace\auxil\main.out)
\@outlinefile=\write7
\openout7 = `main.out'.

Package caption Info: Begin \AtBeginDocument code.
Package caption Info: float package is loaded.
Package caption Info: End \AtBeginDocument code.
<images//logo.jpg, id=174, 114.318pt x 131.0715pt>
File: images//logo.jpg Graphic file (type jpg)
<use images//logo.jpg>
Package pdftex.def Info: images//logo.jpg  used on input line 24.
(pdftex.def)             Requested size: 85.35826pt x 97.87137pt.
 [1

{C:/Users/risak/AppData/Local/MiKTeX/pdftex/config/pdftex.map} <./images//logo.
jpg>] [2]
Underfull \hbox (badness 10000) in paragraph at lines 32--32

 []


Underfull \hbox (badness 10000) in paragraph at lines 32--32

 []

[3] [4] [5]
Underfull \hbox (badness 10000) in paragraph at lines 32--32

 []

[6] [7]
(C:/Users\risak\Documents\Richard\Å kola\Stredni_skola\Maturitni-zkouska\Dlouho
doba maturitni prace\Dokumentace\auxil\main.toc
LaTeX Font Info:    External font `cmex10' loaded for size
(Font)              <12> on input line 4.
LaTeX Font Info:    External font `cmex10' loaded for size
(Font)              <8> on input line 4.
LaTeX Font Info:    External font `cmex10' loaded for size
(Font)              <6> on input line 4.
 [8

])
\tf@toc=\write8
\openout8 = `main.toc'.

 [9]
Kapitola 1.
[10

]
Kapitola 2.
LaTeX Font Info:    External font `cmex10' loaded for size
(Font)              <7> on input line 48.
LaTeX Font Info:    External font `cmex10' loaded for size
(Font)              <5> on input line 48.
[11

]
<images//aspnetcore_aspnet.png, id=281, 1270.14525pt x 572.73975pt>
File: images//aspnetcore_aspnet.png Graphic file (type png)
<use images//aspnetcore_aspnet.png>
Package pdftex.def Info: images//aspnetcore_aspnet.png  used on input line 57.
(pdftex.def)             Requested size: 455.24411pt x 205.27725pt.

Overfull \hbox (6.43306pt too wide) in paragraph at lines 62--63
\T1/cmr/m/n/12 kace je HTML stránka. ASP.NET tedy b¥ºí na ser-veru a re-a-guje 
na do-tazy uºi-va-tele/klienta.
 []

[12 <./images//aspnetcore_aspnet.png>] [13]
<images//ViewsController.png, id=315, 227.04825pt x 483.0045pt>
File: images//ViewsController.png Graphic file (type png)
<use images//ViewsController.png>
Package pdftex.def Info: images//ViewsController.png  used on input line 99.
(pdftex.def)             Requested size: 158.93268pt x 338.10083pt.
 [14]
(../auxil/_minted-main/default-pyg-prefix.pygstyle)
(../auxil/_minted-main/friendly.pygstyle)
(../auxil/_minted-main/ACD3362C391681D60EFA88AC36ADD203F979ECD2DAC0D78B6EF9E601
050D2A79.pygtex
LaTeX Font Info:    Trying to load font information for T1+cmtt on input line 1
.
 (D:\Program Files\MiKTeX\tex/latex/base\t1cmtt.fd
File: t1cmtt.fd 2019/12/16 v2.5j Standard LaTeX font definitions
)
LaTeX Font Info:    Font shape `T1/cmtt/bx/n' in size <12> not available
(Font)              Font shape `T1/cmtt/m/n' tried instead on input line 2.
)
Package hyperref Info: bookmark level for unknown listing defaults to 0 on inpu
t line 109.
 [15 <./images//ViewsController.png>] [16]
Kapitola 3.
[17

]
<images//Models.png, id=357, 187.902pt x 211.992pt>
File: images//Models.png Graphic file (type png)
<use images//Models.png>
Package pdftex.def Info: images//Models.png  used on input line 147.
(pdftex.def)             Requested size: 112.74207pt x 127.19617pt.

(../auxil/_minted-main/0E2EF27882FD933DCC3F5384344E3B32F831E4EA3DFE93E4A52600A9
2DD6333C.pygtex) [18 <./images//Models.png>] [19]
<images//ViewsDetail.png, id=375, 187.902pt x 277.035pt>
File: images//ViewsDetail.png Graphic file (type png)
<use images//ViewsDetail.png>
Package pdftex.def Info: images//ViewsDetail.png  used on input line 164.
(pdftex.def)             Requested size: 131.53049pt x 193.92317pt.

(../auxil/_minted-main/0D9AE14C628901583987527AA241FE93EBAF4F9525BE7C79969DC21E
5F0B78E6.pygtex) [20 <./images//ViewsDetail.png>]
(../auxil/_minted-main/C0BE4902AE5D94D83063240B224C11AA09BE919510C5E428F1C32518
20CDDE73.pygtex)
(../auxil/_minted-main/FEC8DD078AA18C7A6A35F0B3E8AA70957B91507748FD868B2A32DD94
B1492860.pygtex)
<images//ListaPrihlaseny.png, id=391, 1079.232pt x 39.7485pt>
File: images//ListaPrihlaseny.png Graphic file (type png)
<use images//ListaPrihlaseny.png>
Package pdftex.def Info: images//ListaPrihlaseny.png  used on input line 191.
(pdftex.def)             Requested size: 455.24411pt x 16.76642pt.

(../auxil/_minted-main/30431E65FE7E26490F58750F1CEF5A5A3F7DFFF4EE84403A5501BE43
6913D2F0.pygtex) [21 <./images//ListaPrihlaseny.png>] [22]
<images//Menu.png, id=409, 163.812pt x 416.15475pt>
File: images//Menu.png Graphic file (type png)
<use images//Menu.png>
Package pdftex.def Info: images//Menu.png  used on input line 210.
(pdftex.def)             Requested size: 114.6676pt x 291.30634pt.

(../auxil/_minted-main/0DE32E5088BB537A7B1BA0D563823F0DCB83AE1C25E264121822FFC9
459F0D6E.pygtex) [23 <./images//Menu.png>]
(../auxil/_minted-main/6508628E488ED884874EAC7F5C7A2284DD802388A126E05E43D92D2C
FF9DBE39.pygtex) [24]
<images//Contollers.png, id=430, 184.89075pt x 105.996pt>
File: images//Contollers.png Graphic file (type png)
<use images//Contollers.png>
Package pdftex.def Info: images//Contollers.png  used on input line 230.
(pdftex.def)             Requested size: 184.89027pt x 105.99573pt.
 [25 <./images//Contollers.png>]
Overfull \hbox (4.21996pt too wide) in paragraph at lines 258--258
[]\T1/cmr/m/n/12 Takto jsem na-de-fi-no-val pro-m¥-nou var users, kte-rou nyní 
sta£í pouze ulo-ºit do List<T>[][][],
 []


(../auxil/_minted-main/030887146978C0A5F6D7648F3B73B9433CE8E893B97B0E538CC72E03
909685DF.pygtex) [26] [27]
(../auxil/_minted-main/D2E404C343CBA8587CBDBBB1C86F3A62F6ED6D4C044AE286BE5C5F6E
4D649C5B.pygtex) [28]
(../auxil/_minted-main/B9E4F460AAC5CCE7E183C26B82AE76686BF3F3CFAFFD2BDAACB33187
A6239C89.pygtex) [29]
(../auxil/_minted-main/C2A1F70CE4C1D98199741EF7C31924290CA7D0AE651E33EE1DE2DA77
75932DAF.pygtex) [30]
Overfull \vbox (10.50072pt too high) has occurred while \output is active []


[31]
<images//DeleteUser_lista.png, id=498, 589.0005pt x 24.69225pt>
File: images//DeleteUser_lista.png Graphic file (type png)
<use images//DeleteUser_lista.png>
Package pdftex.def Info: images//DeleteUser_lista.png  used on input line 304.
(pdftex.def)             Requested size: 455.24411pt x 19.08578pt.

(../auxil/_minted-main/7417834D8FF419AC8ABB5E2D5E796874BABCE8D9A2B884441DF271F4
B600FFC0.pygtex)
<images//DeleteUser.png, id=499, 589.0005pt x 252.945pt>
File: images//DeleteUser.png Graphic file (type png)
<use images//DeleteUser.png>
Package pdftex.def Info: images//DeleteUser.png  used on input line 315.
(pdftex.def)             Requested size: 294.49953pt x 126.47218pt.
 [32 <./images//DeleteUser_lista.png>]

LaTeX Warning: `!h' float specifier changed to `!ht'.


(../auxil/_minted-main/6E49A1A11CE9DD010204CB56E69767ECD2540975A93E8D549EA66EAB
04A53B9B.pygtex) [33] [34 <./images//DeleteUser.png>]
Kapitola 4.
[35

]
Overfull \hbox (29.36092pt too wide) in paragraph at lines 340--341
[]\T1/cmr/m/n/12 Ve t°íd¥ Iden-ti-ty-Hos-tingStartup.cs lze na-sta-vit v ser-vi
-ces.AddDefaultIdentity<PPSPSUser>
 []

<images//PrihlasovaciFormular.png, id=529, 413.74574pt x 407.72325pt>
File: images//PrihlasovaciFormular.png Graphic file (type png)
<use images//PrihlasovaciFormular.png>
Package pdftex.def Info: images//PrihlasovaciFormular.png  used on input line 3
46.
(pdftex.def)             Requested size: 204.85846pt x 201.87651pt.
<images//RegistracniFormular.png, id=530, 421.575pt x 394.47375pt>
File: images//RegistracniFormular.png Graphic file (type png)
<use images//RegistracniFormular.png>
Package pdftex.def Info: images//RegistracniFormular.png  used on input line 35
3.
(pdftex.def)             Requested size: 204.85846pt x 191.69272pt.

(../auxil/_minted-main/21BFD45A258256B816ADC396DA0FFD72CED5FEF1AAA263B4213DEBC6
48921815.pygtex) [36 <./images//PrihlasovaciFormular.png> <./images//Registracn
iFormular.png>] [37]
Kapitola 5.

(../auxil/_minted-main/89D5FCA5A5474105D1B134829ABBB4E3D4B3C95FF8A60525FF6C7499
546DF306.pygtex) [38

] [39]
Kapitola 6.

(../auxil/_minted-main/32CCFB0F665C1DFF9ABB60A1DAEA6BFB5E7DB7EF8EF0F447778F8D45
EB319D99.pygtex)
(../auxil/_minted-main/B93411C552AC8A5749C6EF3A35BD1D42EA32993CF9A47474AD0F53CC
B5C713C4.pygtex) [40

]
<images//Databaze.png, id=567, 935.29425pt x 440.847pt>
File: images//Databaze.png Graphic file (type png)
<use images//Databaze.png>
Package pdftex.def Info: images//Databaze.png  used on input line 409.
(pdftex.def)             Requested size: 455.24411pt x 214.57738pt.
 [41 <./images//Databaze.png>] [42]
Kapitola 7.
[43

]
(C:/Users\risak\Documents\Richard\Å kola\Stredni_skola\Maturitni-zkouska\Dlouho
doba maturitni prace\Dokumentace\auxil\main.lof)
\tf@lof=\write9
\openout9 = `main.lof'.

 [44

]
(C:/Users\risak\Documents\Richard\Å kola\Stredni_skola\Maturitni-zkouska\Dlouho
doba maturitni prace\Dokumentace\auxil\main.lol)
\tf@lol=\write10
\openout10 = `main.lol'.


(C:/Users\risak\Documents\Richard\Å kola\Stredni_skola\Maturitni-zkouska\Dlouho
doba maturitni prace\Dokumentace\auxil\main.bbl [45

]
Underfull \hbox (badness 10000) in paragraph at lines 12--15
\T1/cmr/m/n/12 Dostupné z: []$\T1/cmtt/m/n/12 https : / / docs . microsoft . co
m / cs-[]cz / aspnet / core / security /
 []


Underfull \hbox (badness 10000) in paragraph at lines 17--20
\T1/cmr/m/n/12 Dostupné z: []$\T1/cmtt/m/n/12 https : / / docs . microsoft . co
m / cs-[]cz / aspnet / core / security /
 []


Underfull \hbox (badness 10000) in paragraph at lines 22--25
\T1/cmr/m/n/12 Dostupné z: []$\T1/cmtt/m/n/12 https : / / docs . microsoft . co
m / cs-[]cz / aspnet / core / mvc / views /
 []


Underfull \hbox (badness 10000) in paragraph at lines 49--51
\T1/cmr/m/n/12 Dostupné z: []$\T1/cmtt/m/n/12 https : / / dotnet . microsoft . 
com / learn / aspnet /
 []

[46

]
Underfull \hbox (badness 10000) in paragraph at lines 58--61
\T1/cmr/m/n/12 Dostupné z: []$\T1/cmtt/m/n/12 https : / / en . wikipedia . org 
/ wiki / Model % E2 % 80 % 93view % E2 % 80 %
 []


Underfull \hbox (badness 10000) in paragraph at lines 67--69
\T1/cmr/m/n/12 Dostupné z: []$\T1/cmtt/m/n/12 https : / / www . itnetwork . cz 
/ csharp / asp-[]net-[]core / zaklady /
 []


Underfull \hbox (badness 10000) in paragraph at lines 71--74
\T1/cmr/m/n/12 Dostupné z: []$\T1/cmtt/m/n/12 https : / / www . itnetwork . cz 
/ csharp / asp-[]net-[]mvc / zaklady /
 []


Underfull \hbox (badness 10000) in paragraph at lines 81--84
\T1/cmr/m/n/12 Dostupné z: []$\T1/cmtt/m/n/12 https : / / docs . microsoft . co
m / cs-[]cz / dotnet / csharp /
 []

) [47]
P\v {r}\'{\i }loha A.

(../auxil/_minted-main/90F094296890E3C2F0357F205482D9E2FB31F0B1B15E717BBEAA28AC
BA321DFD.pygtex) [48

]
(C:/Users\risak\Documents\Richard\Å kola\Stredni_skola\Maturitni-zkouska\Dlouho
doba maturitni prace\Dokumentace\auxil\main.aux)
Package rerunfilecheck Info: File `main.out' has not changed.
(rerunfilecheck)             Checksum: 2A22AA1F2F6C7D3E621811ADA44DF76B;4850.
 ) 
Here is how much of TeX's memory you used:
 35792 strings out of 479324
 772509 string characters out of 2866691
 1156863 words of memory out of 3000000
 52461 multiletter control sequences out of 15000+600000
 416738 words of font info for 51 fonts, out of 8000000 for 9000
 1141 hyphenation exceptions out of 8191
 116i,10n,131p,1628b,574s stack positions out of 5000i,500n,10000p,200000b,80000s
 <C:\Users\risak\AppData\Local\MiKTeX\fonts/pk/ljfour/jknappen/ec/dpi600\ecti
1200.pk> <C:\Users\risak\AppData\Local\MiKTeX\fonts/pk/ljfour/jknappen/ec/dpi60
0\ecrm1095.pk> <C:\Users\risak\AppData\Local\MiKTeX\fonts/pk/ljfour/jknappen/ec
/dpi600\ectt1200.pk> <C:\Users\risak\AppData\Local\MiKTeX\fonts/pk/ljfour/jknap
pen/ec/dpi600\tcrm1200.pk> <C:\Users\risak\AppData\Local\MiKTeX\fonts/pk/ljfour
/jknappen/ec/dpi600\ecbx1440.pk> <C:\Users\risak\AppData\Local\MiKTeX\fonts/pk/
ljfour/jknappen/ec/dpi600\ecrm1000.pk> <C:\Users\risak\AppData\Local\MiKTeX\fon
ts/pk/ljfour/jknappen/ec/dpi600\ecrm0700.pk> <C:\Users\risak\AppData\Local\MiKT
eX\fonts/pk/ljfour/jknappen/ec/dpi600\ecrm0800.pk> <C:\Users\risak\AppData\Loca
l\MiKTeX\fonts/pk/ljfour/jknappen/ec/dpi600\ecbx1728.pk> <C:\Users\risak\AppDat
a\Local\MiKTeX\fonts/pk/ljfour/jknappen/ec/dpi600\ecbx1200.pk> <C:\Users\risak\
AppData\Local\MiKTeX\fonts/pk/ljfour/jknappen/ec/dpi600\ecbx2488.pk> <C:\Users\
risak\AppData\Local\MiKTeX\fonts/pk/ljfour/jknappen/ec/dpi600\ecrm2488.pk> <C:\
Users\risak\AppData\Local\MiKTeX\fonts/pk/ljfour/jknappen/ec/dpi600\ecrm1200.pk
>
Output written on "C:/Users\risak\Documents\Richard\Å kola\Stredni_skola\Maturi
tni-zkouska\Dlouhodoba maturitni prace\Dokumentace\out\main.pdf" (48 pages, 788
984 bytes).
PDF statistics:
 1325 PDF objects out of 1440 (max. 8388607)
 160 named destinations out of 1000 (max. 500000)
 414 words of extra memory for PDF output out of 10000 (max. 10000000)

