\BOOKMARK [0][-]{chapter.1}{\376\377\000\332\000v\000o\000d}{}% 1
\BOOKMARK [0][-]{chapter.2}{\376\377\000T\000e\000o\000r\000e\000t\000i\000c\000k\000\375\000\040\000\372\000v\000o\000d}{}% 2
\BOOKMARK [1][-]{section.2.1}{\376\377\000P\000r\000o\000g\000r\000a\000m\000o\000v\000a\000c\000\355\000\040\000j\000a\000z\000y\000k\000\040\000C\000\043}{chapter.2}% 3
\BOOKMARK [1][-]{section.2.2}{\376\377\000R\000a\000z\000o\000r}{chapter.2}% 4
\BOOKMARK [1][-]{section.2.3}{\376\377\000A\000S\000P\000.\000N\000E\000T\000,\000\040\000A\000S\000P\000.\000N\000E\000T\000\040\000C\000O\000R\000E}{chapter.2}% 5
\BOOKMARK [2][-]{subsection.2.3.1}{\376\377\000A\000S\000P\000.\000N\000E\000T}{section.2.3}% 6
\BOOKMARK [2][-]{subsection.2.3.2}{\376\377\000A\000S\000P\000.\000N\000E\000T\000\040\000C\000o\000r\000e}{section.2.3}% 7
\BOOKMARK [1][-]{section.2.4}{\376\377\000E\000F\0006\000\040\000a\000\040\000E\000F\000\040\000C\000o\000r\000e}{chapter.2}% 8
\BOOKMARK [2][-]{subsection.2.4.1}{\376\377\000E\000n\000t\000i\000t\000y\000\040\000F\000r\000a\000m\000e\000w\000o\000r\000k\000\040\0006}{section.2.4}% 9
\BOOKMARK [2][-]{subsection.2.4.2}{\376\377\000E\000n\000t\000i\000t\000y\000\040\000F\000r\000a\000m\000e\000w\000o\000r\000k\000\040\000C\000o\000r\000e}{section.2.4}% 10
\BOOKMARK [1][-]{section.2.5}{\376\377\000M\000V\000C}{chapter.2}% 11
\BOOKMARK [2][-]{subsection.2.5.1}{\376\377\000M\000o\000d\000e\000l}{section.2.5}% 12
\BOOKMARK [2][-]{subsection.2.5.2}{\376\377\000V\000i\000e\000w}{section.2.5}% 13
\BOOKMARK [2][-]{subsection.2.5.3}{\376\377\000C\000o\000n\000t\000r\000o\000l\000l\000e\000r}{section.2.5}% 14
\BOOKMARK [1][-]{section.2.6}{\376\377\000M\000y\000S\000Q\000L}{chapter.2}% 15
\BOOKMARK [0][-]{chapter.3}{\376\377\000Z\000\341\000k\000l\000a\000d\000n\000\355\000\040\000s\000t\000r\000u\000k\000t\000u\000r\000a\000\040\000A\000S\000P\000.\000N\000E\000T\000\040\000C\000o\000r\000e}{}% 16
\BOOKMARK [1][-]{section.3.1}{\376\377\000M\000o\000d\000e\000l}{chapter.3}% 17
\BOOKMARK [1][-]{section.3.2}{\376\377\000V\000i\000e\000w}{chapter.3}% 18
\BOOKMARK [2][-]{subsection.3.2.1}{\376\377\000\137\000L\000a\000y\000o\000u\000t}{section.3.2}% 19
\BOOKMARK [2][-]{subsection.3.2.2}{\376\377\000\137\000L\000o\000g\000i\000n\000P\000a\000r\000t\000i\000a\000l}{section.3.2}% 20
\BOOKMARK [2][-]{subsection.3.2.3}{\376\377\000\137\000M\000e\000n\000u\000P\000a\000r\000t\000i\000a\000l}{section.3.2}% 21
\BOOKMARK [1][-]{section.3.3}{\376\377\000C\000o\000n\000t\000r\000o\000l\000l\000e\000r}{chapter.3}% 22
\BOOKMARK [2][-]{subsection.3.3.1}{\376\377\000D\000e\000t\000a\000i\000l}{section.3.3}% 23
\BOOKMARK [2][-]{subsection.3.3.2}{\376\377\000E\000d\000i\000t\000a\000c\000e}{section.3.3}% 24
\BOOKMARK [2][-]{subsection.3.3.3}{\376\377\000S\000m\000a\000z\000\341\000n\000\355}{section.3.3}% 25
\BOOKMARK [0][-]{chapter.4}{\376\377\000D\000a\000t\000a\000b\000\341\000z\000e}{}% 26
\BOOKMARK [0][-]{chapter.5}{\376\377\000R\000o\000l\000e}{}% 27
\BOOKMARK [0][-]{chapter.6}{\376\377\000Z\000\341\000v\001\033\000r}{}% 28
\BOOKMARK [0][-]{chapter*.5}{\376\377\000P\001\131\000\355\000l\000o\000h\000y}{}% 29
\BOOKMARK [0][-]{appendix.A}{\376\377\000P\001\131\000\355\000l\000o\000h\000a}{}% 30
